Run started:2026-02-26 08:10:10.249930

Test results:
>> Issue: [B110:try_except_pass] Try, Except, Pass detected.
   Severity: Low   Confidence: High
   CWE: CWE-703 (https://cwe.mitre.org/data/definitions/703.html)
   More Info: https://bandit.readthedocs.io/en/1.7.5/plugins/b110_try_except_pass.html
   Location: core/controller.py:41:8
40	            requests.get(target_url, timeout=10)
41	        except Exception:  # pylint: disable=broad-exception-caught
42	            pass
43	

--------------------------------------------------
>> Issue: [B404:blacklist] Consider possible security implications associated with the subprocess module.
   Severity: Low   Confidence: High
   CWE: CWE-78 (https://cwe.mitre.org/data/definitions/78.html)
   More Info: https://bandit.readthedocs.io/en/1.7.5/blacklists/blacklist_imports.html#b404-import-subprocess
   Location: core/services/pdf_converter.py:2:0
1	import os
2	import subprocess
3	

--------------------------------------------------
>> Issue: [B603:subprocess_without_shell_equals_true] subprocess call - check for execution of untrusted input.
   Severity: Low   Confidence: High
   CWE: CWE-78 (https://cwe.mitre.org/data/definitions/78.html)
   More Info: https://bandit.readthedocs.io/en/1.7.5/plugins/b603_subprocess_without_shell_equals_true.html
   Location: core/services/pdf_converter.py:28:17
27	        log_info(f"   ðŸ› ï¸ Repariere: {os.path.basename(input_path)}")
28	        result = subprocess.run(cmd, capture_output=True, text=True, timeout=60)
29	

--------------------------------------------------
>> Issue: [B110:try_except_pass] Try, Except, Pass detected.
   Severity: Low   Confidence: High
   CWE: CWE-703 (https://cwe.mitre.org/data/definitions/703.html)
   More Info: https://bandit.readthedocs.io/en/1.7.5/plugins/b110_try_except_pass.html
   Location: core/services/pdf_crawler.py:71:8
70	                        pdf_links.add(loc)
71	        except Exception:  # pylint: disable=broad-exception-caught
72	            pass
73	

--------------------------------------------------
>> Issue: [B110:try_except_pass] Try, Except, Pass detected.
   Severity: Low   Confidence: High
   CWE: CWE-703 (https://cwe.mitre.org/data/definitions/703.html)
   More Info: https://bandit.readthedocs.io/en/1.7.5/plugins/b110_try_except_pass.html
   Location: core/services/pdf_crawler.py:155:16
154	                        continue
155	                except Exception:  # pylint: disable=broad-exception-caught
156	                    pass
157	

--------------------------------------------------
>> Issue: [B404:blacklist] Consider possible security implications associated with the subprocess module.
   Severity: Low   Confidence: High
   CWE: CWE-78 (https://cwe.mitre.org/data/definitions/78.html)
   More Info: https://bandit.readthedocs.io/en/1.7.5/blacklists/blacklist_imports.html#b404-import-subprocess
   Location: core/services/pdf_processor.py:8:0
7	import shutil
8	import subprocess
9	import time

--------------------------------------------------
>> Issue: [B110:try_except_pass] Try, Except, Pass detected.
   Severity: Low   Confidence: High
   CWE: CWE-703 (https://cwe.mitre.org/data/definitions/703.html)
   More Info: https://bandit.readthedocs.io/en/1.7.5/plugins/b110_try_except_pass.html
   Location: core/services/pdf_processor.py:88:4
87	            meta["date"] = _parse_creation_date(reader.metadata)
88	    except Exception:  # pylint: disable=broad-exception-caught
89	        pass
90	    return meta

--------------------------------------------------

Code scanned:
	Total lines of code: 1097
	Total lines skipped (#nosec): 2
	Total potential issues skipped due to specifically being disabled (e.g., #nosec BXXX): 1

Run metrics:
	Total issues (by severity):
		Undefined: 0
		Low: 7
		Medium: 0
		High: 0
	Total issues (by confidence):
		Undefined: 0
		Low: 0
		Medium: 0
		High: 7
Files skipped (1):
	web_app/routes_main.py (syntax error while parsing AST from file)
